<?xml version="1.0" encoding="UTF-8"?>
<testsuite xmlns:xsi="http://www.w3.org/2001/XMLSchema-instance" xsi:noNamespaceSchemaLocation="https://maven.apache.org/surefire/maven-failsafe-plugin/xsd/failsafe-test-report.xsd" name="com.examples.school.repository.mongo.StudentMongoRepositoryTestcontainersIT" time="8.463" tests="4" errors="0" skipped="0" failures="0">
  <properties>
[...]
</properties>
  <testcase name="testFindAll" classname="com.examples.school.repository.mongo.StudentMongoRepositoryTestcontainersIT" time="0.051"/>
  <testcase name="testSave" classname="com.examples.school.repository.mongo.StudentMongoRepositoryTestcontainersIT" time="0.023"/>
  <testcase name="testFindById" classname="com.examples.school.repository.mongo.StudentMongoRepositoryTestcontainersIT" time="0.022"/>
  <testcase name="testDelete" classname="com.examples.school.repository.mongo.StudentMongoRepositoryTestcontainersIT" time="0.022"/>
</testsuite>